
2023/11/12 15:08:18 /Users/johnsonsmile/Desktop/carservice-backend/infra/database/database.go:78
[0.831ms] [rows:-] SELECT DATABASE()

2023/11/12 15:08:18 /Users/johnsonsmile/Desktop/carservice-backend/infra/database/database.go:78
[17.833ms] [rows:1] SELECT SCHEMA_NAME from Information_schema.SCHEMATA where SCHEMA_NAME LIKE 'carservice%' ORDER BY SCHEMA_NAME='carservice' DESC,SCHEMA_NAME limit 1

2023/11/12 15:08:18 /Users/johnsonsmile/Desktop/carservice-backend/infra/database/database.go:78
[6.489ms] [rows:-] SELECT count(*) FROM information_schema.tables WHERE table_schema = 'carservice' AND table_name = 't_user' AND table_type = 'BASE TABLE'

2023/11/12 15:08:18 /Users/johnsonsmile/Desktop/carservice-backend/infra/database/database.go:78
[48.122ms] [rows:0] CREATE TABLE `t_user` (`id` bigint AUTO_INCREMENT,`created_at` datetime NULL,`updated_at` datetime NULL,`deleted_at` datetime NULL,`address` varchar(50) NOT NULL,`username` varchar(80) NOT NULL,`password` varchar(80) NOT NULL,`avatar` varchar(2046) NOT NULL,`bio` varchar(2046) NOT NULL,PRIMARY KEY (`id`),UNIQUE INDEX `idx_t_user_phone` (`address`))

2023/11/12 15:13:40 /Users/johnsonsmile/Desktop/carservice-backend/infra/database/database.go:78
[1.097ms] [rows:-] SELECT DATABASE()

2023/11/12 15:13:40 /Users/johnsonsmile/Desktop/carservice-backend/infra/database/database.go:78
[7.344ms] [rows:1] SELECT SCHEMA_NAME from Information_schema.SCHEMATA where SCHEMA_NAME LIKE 'carservice%' ORDER BY SCHEMA_NAME='carservice' DESC,SCHEMA_NAME limit 1

2023/11/12 15:13:40 /Users/johnsonsmile/Desktop/carservice-backend/infra/database/database.go:78
[6.242ms] [rows:-] SELECT count(*) FROM information_schema.tables WHERE table_schema = 'carservice' AND table_name = 't_user' AND table_type = 'BASE TABLE'

2023/11/12 15:13:40 /Users/johnsonsmile/Desktop/carservice-backend/infra/database/database.go:78
[0.962ms] [rows:-] SELECT DATABASE()

2023/11/12 15:13:40 /Users/johnsonsmile/Desktop/carservice-backend/infra/database/database.go:78
[3.203ms] [rows:1] SELECT SCHEMA_NAME from Information_schema.SCHEMATA where SCHEMA_NAME LIKE 'carservice%' ORDER BY SCHEMA_NAME='carservice' DESC,SCHEMA_NAME limit 1

2023/11/12 15:13:40 /Users/johnsonsmile/Desktop/carservice-backend/infra/database/database.go:78
[50.126ms] [rows:-] SELECT * FROM `t_user` LIMIT 1

2023/11/12 15:13:40 /Users/johnsonsmile/Desktop/carservice-backend/infra/database/database.go:78
[16.715ms] [rows:-] SELECT column_name, column_default, is_nullable = 'YES', data_type, character_maximum_length, column_type, column_key, extra, column_comment, numeric_precision, numeric_scale FROM information_schema.columns WHERE table_schema = 'carservice' AND table_name = 't_user' ORDER BY ORDINAL_POSITION

2023/11/12 15:13:40 /Users/johnsonsmile/Desktop/carservice-backend/infra/database/database.go:78
[0.805ms] [rows:-] SELECT DATABASE()

2023/11/12 15:13:40 /Users/johnsonsmile/Desktop/carservice-backend/infra/database/database.go:78
[1.891ms] [rows:1] SELECT SCHEMA_NAME from Information_schema.SCHEMATA where SCHEMA_NAME LIKE 'carservice%' ORDER BY SCHEMA_NAME='carservice' DESC,SCHEMA_NAME limit 1

2023/11/12 15:13:40 /Users/johnsonsmile/Desktop/carservice-backend/infra/database/database.go:78
[1.508ms] [rows:-] SELECT count(*) FROM information_schema.statistics WHERE table_schema = 'carservice' AND table_name = 't_user' AND index_name = 'idx_t_user_phone'

2023/11/12 15:15:18 /Users/johnsonsmile/Desktop/carservice-backend/infra/database/database.go:78
[0.713ms] [rows:-] SELECT DATABASE()

2023/11/12 15:15:18 /Users/johnsonsmile/Desktop/carservice-backend/infra/database/database.go:78
[9.495ms] [rows:1] SELECT SCHEMA_NAME from Information_schema.SCHEMATA where SCHEMA_NAME LIKE 'carservice%' ORDER BY SCHEMA_NAME='carservice' DESC,SCHEMA_NAME limit 1

2023/11/12 15:15:18 /Users/johnsonsmile/Desktop/carservice-backend/infra/database/database.go:78
[3.432ms] [rows:-] SELECT count(*) FROM information_schema.tables WHERE table_schema = 'carservice' AND table_name = 't_user' AND table_type = 'BASE TABLE'

2023/11/12 15:15:18 /Users/johnsonsmile/Desktop/carservice-backend/infra/database/database.go:78
[0.684ms] [rows:-] SELECT DATABASE()

2023/11/12 15:15:18 /Users/johnsonsmile/Desktop/carservice-backend/infra/database/database.go:78
[2.213ms] [rows:1] SELECT SCHEMA_NAME from Information_schema.SCHEMATA where SCHEMA_NAME LIKE 'carservice%' ORDER BY SCHEMA_NAME='carservice' DESC,SCHEMA_NAME limit 1

2023/11/12 15:15:18 /Users/johnsonsmile/Desktop/carservice-backend/infra/database/database.go:78
[3.057ms] [rows:-] SELECT * FROM `t_user` LIMIT 1

2023/11/12 15:15:18 /Users/johnsonsmile/Desktop/carservice-backend/infra/database/database.go:78
[7.093ms] [rows:-] SELECT column_name, column_default, is_nullable = 'YES', data_type, character_maximum_length, column_type, column_key, extra, column_comment, numeric_precision, numeric_scale FROM information_schema.columns WHERE table_schema = 'carservice' AND table_name = 't_user' ORDER BY ORDINAL_POSITION

2023/11/12 15:15:18 /Users/johnsonsmile/Desktop/carservice-backend/infra/database/database.go:78
[0.651ms] [rows:-] SELECT DATABASE()

2023/11/12 15:15:18 /Users/johnsonsmile/Desktop/carservice-backend/infra/database/database.go:78
[2.307ms] [rows:1] SELECT SCHEMA_NAME from Information_schema.SCHEMATA where SCHEMA_NAME LIKE 'carservice%' ORDER BY SCHEMA_NAME='carservice' DESC,SCHEMA_NAME limit 1

2023/11/12 15:15:18 /Users/johnsonsmile/Desktop/carservice-backend/infra/database/database.go:78
[1.934ms] [rows:-] SELECT count(*) FROM information_schema.statistics WHERE table_schema = 'carservice' AND table_name = 't_user' AND index_name = 'idx_t_user_phone'

2023/11/12 15:15:44 /Users/johnsonsmile/Desktop/carservice-backend/infra/database/database.go:78
[0.969ms] [rows:-] SELECT DATABASE()

2023/11/12 15:15:44 /Users/johnsonsmile/Desktop/carservice-backend/infra/database/database.go:78
[7.735ms] [rows:1] SELECT SCHEMA_NAME from Information_schema.SCHEMATA where SCHEMA_NAME LIKE 'carservice%' ORDER BY SCHEMA_NAME='carservice' DESC,SCHEMA_NAME limit 1

2023/11/12 15:15:44 /Users/johnsonsmile/Desktop/carservice-backend/infra/database/database.go:78
[5.231ms] [rows:-] SELECT count(*) FROM information_schema.tables WHERE table_schema = 'carservice' AND table_name = 't_user' AND table_type = 'BASE TABLE'

2023/11/12 15:15:44 /Users/johnsonsmile/Desktop/carservice-backend/infra/database/database.go:78
[1.174ms] [rows:-] SELECT DATABASE()

2023/11/12 15:15:44 /Users/johnsonsmile/Desktop/carservice-backend/infra/database/database.go:78
[2.683ms] [rows:1] SELECT SCHEMA_NAME from Information_schema.SCHEMATA where SCHEMA_NAME LIKE 'carservice%' ORDER BY SCHEMA_NAME='carservice' DESC,SCHEMA_NAME limit 1

2023/11/12 15:15:44 /Users/johnsonsmile/Desktop/carservice-backend/infra/database/database.go:78
[1.810ms] [rows:-] SELECT * FROM `t_user` LIMIT 1

2023/11/12 15:15:44 /Users/johnsonsmile/Desktop/carservice-backend/infra/database/database.go:78
[5.816ms] [rows:-] SELECT column_name, column_default, is_nullable = 'YES', data_type, character_maximum_length, column_type, column_key, extra, column_comment, numeric_precision, numeric_scale FROM information_schema.columns WHERE table_schema = 'carservice' AND table_name = 't_user' ORDER BY ORDINAL_POSITION

2023/11/12 15:15:44 /Users/johnsonsmile/Desktop/carservice-backend/infra/database/database.go:78
[0.686ms] [rows:-] SELECT DATABASE()

2023/11/12 15:15:44 /Users/johnsonsmile/Desktop/carservice-backend/infra/database/database.go:78
[2.307ms] [rows:1] SELECT SCHEMA_NAME from Information_schema.SCHEMATA where SCHEMA_NAME LIKE 'carservice%' ORDER BY SCHEMA_NAME='carservice' DESC,SCHEMA_NAME limit 1

2023/11/12 15:15:44 /Users/johnsonsmile/Desktop/carservice-backend/infra/database/database.go:78
[2.558ms] [rows:-] SELECT count(*) FROM information_schema.statistics WHERE table_schema = 'carservice' AND table_name = 't_user' AND index_name = 'idx_t_user_phone'

2023/11/12 15:16:39 /Users/johnsonsmile/Desktop/carservice-backend/infra/database/database.go:78
[0.372ms] [rows:-] SELECT DATABASE()

2023/11/12 15:16:39 /Users/johnsonsmile/Desktop/carservice-backend/infra/database/database.go:78
[2.835ms] [rows:1] SELECT SCHEMA_NAME from Information_schema.SCHEMATA where SCHEMA_NAME LIKE 'carservice%' ORDER BY SCHEMA_NAME='carservice' DESC,SCHEMA_NAME limit 1

2023/11/12 15:16:39 /Users/johnsonsmile/Desktop/carservice-backend/infra/database/database.go:78
[1.772ms] [rows:-] SELECT count(*) FROM information_schema.tables WHERE table_schema = 'carservice' AND table_name = 't_user' AND table_type = 'BASE TABLE'

2023/11/12 15:16:39 /Users/johnsonsmile/Desktop/carservice-backend/infra/database/database.go:78
[0.346ms] [rows:-] SELECT DATABASE()

2023/11/12 15:16:39 /Users/johnsonsmile/Desktop/carservice-backend/infra/database/database.go:78
[1.267ms] [rows:1] SELECT SCHEMA_NAME from Information_schema.SCHEMATA where SCHEMA_NAME LIKE 'carservice%' ORDER BY SCHEMA_NAME='carservice' DESC,SCHEMA_NAME limit 1

2023/11/12 15:16:39 /Users/johnsonsmile/Desktop/carservice-backend/infra/database/database.go:78
[1.363ms] [rows:-] SELECT * FROM `t_user` LIMIT 1

2023/11/12 15:16:39 /Users/johnsonsmile/Desktop/carservice-backend/infra/database/database.go:78
[3.732ms] [rows:-] SELECT column_name, column_default, is_nullable = 'YES', data_type, character_maximum_length, column_type, column_key, extra, column_comment, numeric_precision, numeric_scale FROM information_schema.columns WHERE table_schema = 'carservice' AND table_name = 't_user' ORDER BY ORDINAL_POSITION

2023/11/12 15:16:39 /Users/johnsonsmile/Desktop/carservice-backend/infra/database/database.go:78
[0.311ms] [rows:-] SELECT DATABASE()

2023/11/12 15:16:39 /Users/johnsonsmile/Desktop/carservice-backend/infra/database/database.go:78
[1.195ms] [rows:1] SELECT SCHEMA_NAME from Information_schema.SCHEMATA where SCHEMA_NAME LIKE 'carservice%' ORDER BY SCHEMA_NAME='carservice' DESC,SCHEMA_NAME limit 1

2023/11/12 15:16:39 /Users/johnsonsmile/Desktop/carservice-backend/infra/database/database.go:78
[0.960ms] [rows:-] SELECT count(*) FROM information_schema.statistics WHERE table_schema = 'carservice' AND table_name = 't_user' AND index_name = 'idx_t_user_phone'

2023/11/12 15:17:10 /Users/johnsonsmile/Desktop/carservice-backend/infra/database/database.go:78
[0.846ms] [rows:-] SELECT DATABASE()

2023/11/12 15:17:10 /Users/johnsonsmile/Desktop/carservice-backend/infra/database/database.go:78
[6.007ms] [rows:1] SELECT SCHEMA_NAME from Information_schema.SCHEMATA where SCHEMA_NAME LIKE 'carservice%' ORDER BY SCHEMA_NAME='carservice' DESC,SCHEMA_NAME limit 1

2023/11/12 15:17:10 /Users/johnsonsmile/Desktop/carservice-backend/infra/database/database.go:78
[4.743ms] [rows:-] SELECT count(*) FROM information_schema.tables WHERE table_schema = 'carservice' AND table_name = 't_user' AND table_type = 'BASE TABLE'

2023/11/12 15:17:10 /Users/johnsonsmile/Desktop/carservice-backend/infra/database/database.go:78
[0.970ms] [rows:-] SELECT DATABASE()

2023/11/12 15:17:10 /Users/johnsonsmile/Desktop/carservice-backend/infra/database/database.go:78
[4.276ms] [rows:1] SELECT SCHEMA_NAME from Information_schema.SCHEMATA where SCHEMA_NAME LIKE 'carservice%' ORDER BY SCHEMA_NAME='carservice' DESC,SCHEMA_NAME limit 1

2023/11/12 15:17:10 /Users/johnsonsmile/Desktop/carservice-backend/infra/database/database.go:78
[2.082ms] [rows:-] SELECT * FROM `t_user` LIMIT 1

2023/11/12 15:17:10 /Users/johnsonsmile/Desktop/carservice-backend/infra/database/database.go:78
[5.160ms] [rows:-] SELECT column_name, column_default, is_nullable = 'YES', data_type, character_maximum_length, column_type, column_key, extra, column_comment, numeric_precision, numeric_scale FROM information_schema.columns WHERE table_schema = 'carservice' AND table_name = 't_user' ORDER BY ORDINAL_POSITION

2023/11/12 15:17:10 /Users/johnsonsmile/Desktop/carservice-backend/infra/database/database.go:78
[0.669ms] [rows:-] SELECT DATABASE()

2023/11/12 15:17:10 /Users/johnsonsmile/Desktop/carservice-backend/infra/database/database.go:78
[2.199ms] [rows:1] SELECT SCHEMA_NAME from Information_schema.SCHEMATA where SCHEMA_NAME LIKE 'carservice%' ORDER BY SCHEMA_NAME='carservice' DESC,SCHEMA_NAME limit 1

2023/11/12 15:17:10 /Users/johnsonsmile/Desktop/carservice-backend/infra/database/database.go:78
[1.773ms] [rows:-] SELECT count(*) FROM information_schema.statistics WHERE table_schema = 'carservice' AND table_name = 't_user' AND index_name = 'idx_t_user_phone'

2023/11/12 15:17:30 /Users/johnsonsmile/Desktop/carservice-backend/infra/database/database.go:78
[0.919ms] [rows:-] SELECT DATABASE()

2023/11/12 15:17:30 /Users/johnsonsmile/Desktop/carservice-backend/infra/database/database.go:78
[7.904ms] [rows:1] SELECT SCHEMA_NAME from Information_schema.SCHEMATA where SCHEMA_NAME LIKE 'carservice%' ORDER BY SCHEMA_NAME='carservice' DESC,SCHEMA_NAME limit 1

2023/11/12 15:17:30 /Users/johnsonsmile/Desktop/carservice-backend/infra/database/database.go:78
[6.017ms] [rows:-] SELECT count(*) FROM information_schema.tables WHERE table_schema = 'carservice' AND table_name = 't_user' AND table_type = 'BASE TABLE'

2023/11/12 15:17:30 /Users/johnsonsmile/Desktop/carservice-backend/infra/database/database.go:78
[1.308ms] [rows:-] SELECT DATABASE()

2023/11/12 15:17:30 /Users/johnsonsmile/Desktop/carservice-backend/infra/database/database.go:78
[4.617ms] [rows:1] SELECT SCHEMA_NAME from Information_schema.SCHEMATA where SCHEMA_NAME LIKE 'carservice%' ORDER BY SCHEMA_NAME='carservice' DESC,SCHEMA_NAME limit 1

2023/11/12 15:17:30 /Users/johnsonsmile/Desktop/carservice-backend/infra/database/database.go:78
[2.340ms] [rows:-] SELECT * FROM `t_user` LIMIT 1

2023/11/12 15:17:30 /Users/johnsonsmile/Desktop/carservice-backend/infra/database/database.go:78
[6.386ms] [rows:-] SELECT column_name, column_default, is_nullable = 'YES', data_type, character_maximum_length, column_type, column_key, extra, column_comment, numeric_precision, numeric_scale FROM information_schema.columns WHERE table_schema = 'carservice' AND table_name = 't_user' ORDER BY ORDINAL_POSITION

2023/11/12 15:17:31 /Users/johnsonsmile/Desktop/carservice-backend/infra/database/database.go:78
[0.624ms] [rows:-] SELECT DATABASE()

2023/11/12 15:17:31 /Users/johnsonsmile/Desktop/carservice-backend/infra/database/database.go:78
[2.341ms] [rows:1] SELECT SCHEMA_NAME from Information_schema.SCHEMATA where SCHEMA_NAME LIKE 'carservice%' ORDER BY SCHEMA_NAME='carservice' DESC,SCHEMA_NAME limit 1

2023/11/12 15:17:31 /Users/johnsonsmile/Desktop/carservice-backend/infra/database/database.go:78
[2.746ms] [rows:-] SELECT count(*) FROM information_schema.statistics WHERE table_schema = 'carservice' AND table_name = 't_user' AND index_name = 'idx_t_user_phone'

2023/11/12 15:18:04 /Users/johnsonsmile/Desktop/carservice-backend/infra/database/database.go:78
[0.771ms] [rows:-] SELECT DATABASE()

2023/11/12 15:18:04 /Users/johnsonsmile/Desktop/carservice-backend/infra/database/database.go:78
[7.353ms] [rows:1] SELECT SCHEMA_NAME from Information_schema.SCHEMATA where SCHEMA_NAME LIKE 'carservice%' ORDER BY SCHEMA_NAME='carservice' DESC,SCHEMA_NAME limit 1

2023/11/12 15:18:04 /Users/johnsonsmile/Desktop/carservice-backend/infra/database/database.go:78
[4.358ms] [rows:-] SELECT count(*) FROM information_schema.tables WHERE table_schema = 'carservice' AND table_name = 't_user' AND table_type = 'BASE TABLE'

2023/11/12 15:18:04 /Users/johnsonsmile/Desktop/carservice-backend/infra/database/database.go:78
[0.738ms] [rows:-] SELECT DATABASE()

2023/11/12 15:18:04 /Users/johnsonsmile/Desktop/carservice-backend/infra/database/database.go:78
[2.381ms] [rows:1] SELECT SCHEMA_NAME from Information_schema.SCHEMATA where SCHEMA_NAME LIKE 'carservice%' ORDER BY SCHEMA_NAME='carservice' DESC,SCHEMA_NAME limit 1

2023/11/12 15:18:04 /Users/johnsonsmile/Desktop/carservice-backend/infra/database/database.go:78
[2.403ms] [rows:-] SELECT * FROM `t_user` LIMIT 1

2023/11/12 15:18:04 /Users/johnsonsmile/Desktop/carservice-backend/infra/database/database.go:78
[5.814ms] [rows:-] SELECT column_name, column_default, is_nullable = 'YES', data_type, character_maximum_length, column_type, column_key, extra, column_comment, numeric_precision, numeric_scale FROM information_schema.columns WHERE table_schema = 'carservice' AND table_name = 't_user' ORDER BY ORDINAL_POSITION

2023/11/12 15:18:04 /Users/johnsonsmile/Desktop/carservice-backend/infra/database/database.go:78
[0.709ms] [rows:-] SELECT DATABASE()

2023/11/12 15:18:04 /Users/johnsonsmile/Desktop/carservice-backend/infra/database/database.go:78
[2.612ms] [rows:1] SELECT SCHEMA_NAME from Information_schema.SCHEMATA where SCHEMA_NAME LIKE 'carservice%' ORDER BY SCHEMA_NAME='carservice' DESC,SCHEMA_NAME limit 1

2023/11/12 15:18:04 /Users/johnsonsmile/Desktop/carservice-backend/infra/database/database.go:78
[2.037ms] [rows:-] SELECT count(*) FROM information_schema.statistics WHERE table_schema = 'carservice' AND table_name = 't_user' AND index_name = 'idx_t_user_phone'

2023/11/12 15:19:07 /Users/johnsonsmile/Desktop/carservice-backend/infra/database/database.go:78
[0.832ms] [rows:-] SELECT DATABASE()

2023/11/12 15:19:07 /Users/johnsonsmile/Desktop/carservice-backend/infra/database/database.go:78
[7.660ms] [rows:1] SELECT SCHEMA_NAME from Information_schema.SCHEMATA where SCHEMA_NAME LIKE 'carservice%' ORDER BY SCHEMA_NAME='carservice' DESC,SCHEMA_NAME limit 1

2023/11/12 15:19:07 /Users/johnsonsmile/Desktop/carservice-backend/infra/database/database.go:78
[3.101ms] [rows:-] SELECT count(*) FROM information_schema.tables WHERE table_schema = 'carservice' AND table_name = 't_user' AND table_type = 'BASE TABLE'

2023/11/12 15:19:07 /Users/johnsonsmile/Desktop/carservice-backend/infra/database/database.go:78
[0.814ms] [rows:-] SELECT DATABASE()

2023/11/12 15:19:07 /Users/johnsonsmile/Desktop/carservice-backend/infra/database/database.go:78
[2.221ms] [rows:1] SELECT SCHEMA_NAME from Information_schema.SCHEMATA where SCHEMA_NAME LIKE 'carservice%' ORDER BY SCHEMA_NAME='carservice' DESC,SCHEMA_NAME limit 1

2023/11/12 15:19:07 /Users/johnsonsmile/Desktop/carservice-backend/infra/database/database.go:78
[2.875ms] [rows:-] SELECT * FROM `t_user` LIMIT 1

2023/11/12 15:19:07 /Users/johnsonsmile/Desktop/carservice-backend/infra/database/database.go:78
[7.734ms] [rows:-] SELECT column_name, column_default, is_nullable = 'YES', data_type, character_maximum_length, column_type, column_key, extra, column_comment, numeric_precision, numeric_scale FROM information_schema.columns WHERE table_schema = 'carservice' AND table_name = 't_user' ORDER BY ORDINAL_POSITION

2023/11/12 15:19:07 /Users/johnsonsmile/Desktop/carservice-backend/infra/database/database.go:78
[0.841ms] [rows:-] SELECT DATABASE()

2023/11/12 15:19:07 /Users/johnsonsmile/Desktop/carservice-backend/infra/database/database.go:78
[2.598ms] [rows:1] SELECT SCHEMA_NAME from Information_schema.SCHEMATA where SCHEMA_NAME LIKE 'carservice%' ORDER BY SCHEMA_NAME='carservice' DESC,SCHEMA_NAME limit 1

2023/11/12 15:19:07 /Users/johnsonsmile/Desktop/carservice-backend/infra/database/database.go:78
[2.073ms] [rows:-] SELECT count(*) FROM information_schema.statistics WHERE table_schema = 'carservice' AND table_name = 't_user' AND index_name = 'idx_t_user_phone'

2023/11/12 15:20:26 /Users/johnsonsmile/Desktop/carservice-backend/infra/database/database.go:78
[1.584ms] [rows:-] SELECT DATABASE()

2023/11/12 15:20:26 /Users/johnsonsmile/Desktop/carservice-backend/infra/database/database.go:78
[5.982ms] [rows:1] SELECT SCHEMA_NAME from Information_schema.SCHEMATA where SCHEMA_NAME LIKE 'carservice%' ORDER BY SCHEMA_NAME='carservice' DESC,SCHEMA_NAME limit 1

2023/11/12 15:20:26 /Users/johnsonsmile/Desktop/carservice-backend/infra/database/database.go:78
[5.162ms] [rows:-] SELECT count(*) FROM information_schema.tables WHERE table_schema = 'carservice' AND table_name = 't_user' AND table_type = 'BASE TABLE'

2023/11/12 15:20:26 /Users/johnsonsmile/Desktop/carservice-backend/infra/database/database.go:78
[0.828ms] [rows:-] SELECT DATABASE()

2023/11/12 15:20:26 /Users/johnsonsmile/Desktop/carservice-backend/infra/database/database.go:78
[2.287ms] [rows:1] SELECT SCHEMA_NAME from Information_schema.SCHEMATA where SCHEMA_NAME LIKE 'carservice%' ORDER BY SCHEMA_NAME='carservice' DESC,SCHEMA_NAME limit 1

2023/11/12 15:20:26 /Users/johnsonsmile/Desktop/carservice-backend/infra/database/database.go:78
[1.377ms] [rows:-] SELECT * FROM `t_user` LIMIT 1

2023/11/12 15:20:26 /Users/johnsonsmile/Desktop/carservice-backend/infra/database/database.go:78
[4.129ms] [rows:-] SELECT column_name, column_default, is_nullable = 'YES', data_type, character_maximum_length, column_type, column_key, extra, column_comment, numeric_precision, numeric_scale FROM information_schema.columns WHERE table_schema = 'carservice' AND table_name = 't_user' ORDER BY ORDINAL_POSITION

2023/11/12 15:20:26 /Users/johnsonsmile/Desktop/carservice-backend/infra/database/database.go:78
[0.406ms] [rows:-] SELECT DATABASE()

2023/11/12 15:20:26 /Users/johnsonsmile/Desktop/carservice-backend/infra/database/database.go:78
[1.442ms] [rows:1] SELECT SCHEMA_NAME from Information_schema.SCHEMATA where SCHEMA_NAME LIKE 'carservice%' ORDER BY SCHEMA_NAME='carservice' DESC,SCHEMA_NAME limit 1

2023/11/12 15:20:26 /Users/johnsonsmile/Desktop/carservice-backend/infra/database/database.go:78
[1.316ms] [rows:-] SELECT count(*) FROM information_schema.statistics WHERE table_schema = 'carservice' AND table_name = 't_user' AND index_name = 'idx_t_user_phone'

2023/11/12 15:21:38 /Users/johnsonsmile/Desktop/carservice-backend/infra/database/database.go:78
[0.691ms] [rows:-] SELECT DATABASE()

2023/11/12 15:21:38 /Users/johnsonsmile/Desktop/carservice-backend/infra/database/database.go:78
[7.395ms] [rows:1] SELECT SCHEMA_NAME from Information_schema.SCHEMATA where SCHEMA_NAME LIKE 'carservice%' ORDER BY SCHEMA_NAME='carservice' DESC,SCHEMA_NAME limit 1

2023/11/12 15:21:38 /Users/johnsonsmile/Desktop/carservice-backend/infra/database/database.go:78
[10.195ms] [rows:-] SELECT count(*) FROM information_schema.tables WHERE table_schema = 'carservice' AND table_name = 't_user' AND table_type = 'BASE TABLE'

2023/11/12 15:21:38 /Users/johnsonsmile/Desktop/carservice-backend/infra/database/database.go:78
[0.922ms] [rows:-] SELECT DATABASE()

2023/11/12 15:21:38 /Users/johnsonsmile/Desktop/carservice-backend/infra/database/database.go:78
[2.853ms] [rows:1] SELECT SCHEMA_NAME from Information_schema.SCHEMATA where SCHEMA_NAME LIKE 'carservice%' ORDER BY SCHEMA_NAME='carservice' DESC,SCHEMA_NAME limit 1

2023/11/12 15:21:38 /Users/johnsonsmile/Desktop/carservice-backend/infra/database/database.go:78
[1.680ms] [rows:-] SELECT * FROM `t_user` LIMIT 1

2023/11/12 15:21:38 /Users/johnsonsmile/Desktop/carservice-backend/infra/database/database.go:78
[5.033ms] [rows:-] SELECT column_name, column_default, is_nullable = 'YES', data_type, character_maximum_length, column_type, column_key, extra, column_comment, numeric_precision, numeric_scale FROM information_schema.columns WHERE table_schema = 'carservice' AND table_name = 't_user' ORDER BY ORDINAL_POSITION

2023/11/12 15:21:38 /Users/johnsonsmile/Desktop/carservice-backend/infra/database/database.go:78
[0.474ms] [rows:-] SELECT DATABASE()

2023/11/12 15:21:38 /Users/johnsonsmile/Desktop/carservice-backend/infra/database/database.go:78
[1.965ms] [rows:1] SELECT SCHEMA_NAME from Information_schema.SCHEMATA where SCHEMA_NAME LIKE 'carservice%' ORDER BY SCHEMA_NAME='carservice' DESC,SCHEMA_NAME limit 1

2023/11/12 15:21:38 /Users/johnsonsmile/Desktop/carservice-backend/infra/database/database.go:78
[1.676ms] [rows:-] SELECT count(*) FROM information_schema.statistics WHERE table_schema = 'carservice' AND table_name = 't_user' AND index_name = 'idx_t_user_phone'

2023/11/12 15:22:19 /Users/johnsonsmile/Desktop/carservice-backend/infra/database/database.go:78
[0.729ms] [rows:-] SELECT DATABASE()

2023/11/12 15:22:19 /Users/johnsonsmile/Desktop/carservice-backend/infra/database/database.go:78
[8.538ms] [rows:1] SELECT SCHEMA_NAME from Information_schema.SCHEMATA where SCHEMA_NAME LIKE 'carservice%' ORDER BY SCHEMA_NAME='carservice' DESC,SCHEMA_NAME limit 1

2023/11/12 15:22:19 /Users/johnsonsmile/Desktop/carservice-backend/infra/database/database.go:78
[3.018ms] [rows:-] SELECT count(*) FROM information_schema.tables WHERE table_schema = 'carservice' AND table_name = 't_user' AND table_type = 'BASE TABLE'

2023/11/12 15:22:19 /Users/johnsonsmile/Desktop/carservice-backend/infra/database/database.go:78
[0.628ms] [rows:-] SELECT DATABASE()

2023/11/12 15:22:19 /Users/johnsonsmile/Desktop/carservice-backend/infra/database/database.go:78
[2.056ms] [rows:1] SELECT SCHEMA_NAME from Information_schema.SCHEMATA where SCHEMA_NAME LIKE 'carservice%' ORDER BY SCHEMA_NAME='carservice' DESC,SCHEMA_NAME limit 1

2023/11/12 15:22:19 /Users/johnsonsmile/Desktop/carservice-backend/infra/database/database.go:78
[3.527ms] [rows:-] SELECT * FROM `t_user` LIMIT 1

2023/11/12 15:22:19 /Users/johnsonsmile/Desktop/carservice-backend/infra/database/database.go:78
[7.366ms] [rows:-] SELECT column_name, column_default, is_nullable = 'YES', data_type, character_maximum_length, column_type, column_key, extra, column_comment, numeric_precision, numeric_scale FROM information_schema.columns WHERE table_schema = 'carservice' AND table_name = 't_user' ORDER BY ORDINAL_POSITION

2023/11/12 15:22:19 /Users/johnsonsmile/Desktop/carservice-backend/infra/database/database.go:78
[0.647ms] [rows:-] SELECT DATABASE()

2023/11/12 15:22:19 /Users/johnsonsmile/Desktop/carservice-backend/infra/database/database.go:78
[2.383ms] [rows:1] SELECT SCHEMA_NAME from Information_schema.SCHEMATA where SCHEMA_NAME LIKE 'carservice%' ORDER BY SCHEMA_NAME='carservice' DESC,SCHEMA_NAME limit 1

2023/11/12 15:22:19 /Users/johnsonsmile/Desktop/carservice-backend/infra/database/database.go:78
[2.111ms] [rows:-] SELECT count(*) FROM information_schema.statistics WHERE table_schema = 'carservice' AND table_name = 't_user' AND index_name = 'idx_t_user_phone'

2023/11/12 15:22:44 /Users/johnsonsmile/Desktop/carservice-backend/infra/database/database.go:78
[0.875ms] [rows:-] SELECT DATABASE()

2023/11/12 15:22:44 /Users/johnsonsmile/Desktop/carservice-backend/infra/database/database.go:78
[6.577ms] [rows:1] SELECT SCHEMA_NAME from Information_schema.SCHEMATA where SCHEMA_NAME LIKE 'carservice%' ORDER BY SCHEMA_NAME='carservice' DESC,SCHEMA_NAME limit 1

2023/11/12 15:22:44 /Users/johnsonsmile/Desktop/carservice-backend/infra/database/database.go:78
[5.011ms] [rows:-] SELECT count(*) FROM information_schema.tables WHERE table_schema = 'carservice' AND table_name = 't_user' AND table_type = 'BASE TABLE'

2023/11/12 15:22:44 /Users/johnsonsmile/Desktop/carservice-backend/infra/database/database.go:78
[0.921ms] [rows:-] SELECT DATABASE()

2023/11/12 15:22:44 /Users/johnsonsmile/Desktop/carservice-backend/infra/database/database.go:78
[3.040ms] [rows:1] SELECT SCHEMA_NAME from Information_schema.SCHEMATA where SCHEMA_NAME LIKE 'carservice%' ORDER BY SCHEMA_NAME='carservice' DESC,SCHEMA_NAME limit 1

2023/11/12 15:22:44 /Users/johnsonsmile/Desktop/carservice-backend/infra/database/database.go:78
[1.996ms] [rows:-] SELECT * FROM `t_user` LIMIT 1

2023/11/12 15:22:44 /Users/johnsonsmile/Desktop/carservice-backend/infra/database/database.go:78
[5.584ms] [rows:-] SELECT column_name, column_default, is_nullable = 'YES', data_type, character_maximum_length, column_type, column_key, extra, column_comment, numeric_precision, numeric_scale FROM information_schema.columns WHERE table_schema = 'carservice' AND table_name = 't_user' ORDER BY ORDINAL_POSITION

2023/11/12 15:22:44 /Users/johnsonsmile/Desktop/carservice-backend/infra/database/database.go:78
[0.901ms] [rows:-] SELECT DATABASE()

2023/11/12 15:22:44 /Users/johnsonsmile/Desktop/carservice-backend/infra/database/database.go:78
[2.410ms] [rows:1] SELECT SCHEMA_NAME from Information_schema.SCHEMATA where SCHEMA_NAME LIKE 'carservice%' ORDER BY SCHEMA_NAME='carservice' DESC,SCHEMA_NAME limit 1

2023/11/12 15:22:44 /Users/johnsonsmile/Desktop/carservice-backend/infra/database/database.go:78
[2.022ms] [rows:-] SELECT count(*) FROM information_schema.statistics WHERE table_schema = 'carservice' AND table_name = 't_user' AND index_name = 'idx_t_user_phone'

2023/11/12 15:31:29 /Users/johnsonsmile/Desktop/carservice-backend/infra/database/database.go:78
[0.421ms] [rows:-] SELECT DATABASE()

2023/11/12 15:31:29 /Users/johnsonsmile/Desktop/carservice-backend/infra/database/database.go:78
[2.663ms] [rows:1] SELECT SCHEMA_NAME from Information_schema.SCHEMATA where SCHEMA_NAME LIKE 'carservice%' ORDER BY SCHEMA_NAME='carservice' DESC,SCHEMA_NAME limit 1

2023/11/12 15:31:29 /Users/johnsonsmile/Desktop/carservice-backend/infra/database/database.go:78
[1.541ms] [rows:-] SELECT count(*) FROM information_schema.tables WHERE table_schema = 'carservice' AND table_name = 't_user' AND table_type = 'BASE TABLE'

2023/11/12 15:31:29 /Users/johnsonsmile/Desktop/carservice-backend/infra/database/database.go:78
[0.437ms] [rows:-] SELECT DATABASE()

2023/11/12 15:31:29 /Users/johnsonsmile/Desktop/carservice-backend/infra/database/database.go:78
[1.470ms] [rows:1] SELECT SCHEMA_NAME from Information_schema.SCHEMATA where SCHEMA_NAME LIKE 'carservice%' ORDER BY SCHEMA_NAME='carservice' DESC,SCHEMA_NAME limit 1

2023/11/12 15:31:29 /Users/johnsonsmile/Desktop/carservice-backend/infra/database/database.go:78
[7.733ms] [rows:-] SELECT * FROM `t_user` LIMIT 1

2023/11/12 15:31:29 /Users/johnsonsmile/Desktop/carservice-backend/infra/database/database.go:78
[10.044ms] [rows:-] SELECT column_name, column_default, is_nullable = 'YES', data_type, character_maximum_length, column_type, column_key, extra, column_comment, numeric_precision, numeric_scale FROM information_schema.columns WHERE table_schema = 'carservice' AND table_name = 't_user' ORDER BY ORDINAL_POSITION

2023/11/12 15:31:29 /Users/johnsonsmile/Desktop/carservice-backend/infra/database/database.go:78
[0.374ms] [rows:-] SELECT DATABASE()

2023/11/12 15:31:29 /Users/johnsonsmile/Desktop/carservice-backend/infra/database/database.go:78
[1.802ms] [rows:1] SELECT SCHEMA_NAME from Information_schema.SCHEMATA where SCHEMA_NAME LIKE 'carservice%' ORDER BY SCHEMA_NAME='carservice' DESC,SCHEMA_NAME limit 1

2023/11/12 15:31:29 /Users/johnsonsmile/Desktop/carservice-backend/infra/database/database.go:78
[1.171ms] [rows:-] SELECT count(*) FROM information_schema.statistics WHERE table_schema = 'carservice' AND table_name = 't_user' AND index_name = 'idx_t_user_phone'

2023/11/12 15:34:01 /Users/johnsonsmile/Desktop/carservice-backend/infra/database/database.go:78
[0.852ms] [rows:-] SELECT DATABASE()

2023/11/12 15:34:01 /Users/johnsonsmile/Desktop/carservice-backend/infra/database/database.go:78
[9.818ms] [rows:1] SELECT SCHEMA_NAME from Information_schema.SCHEMATA where SCHEMA_NAME LIKE 'carservice%' ORDER BY SCHEMA_NAME='carservice' DESC,SCHEMA_NAME limit 1

2023/11/12 15:34:01 /Users/johnsonsmile/Desktop/carservice-backend/infra/database/database.go:78
[3.378ms] [rows:-] SELECT count(*) FROM information_schema.tables WHERE table_schema = 'carservice' AND table_name = 't_user' AND table_type = 'BASE TABLE'

2023/11/12 15:34:01 /Users/johnsonsmile/Desktop/carservice-backend/infra/database/database.go:78
[0.676ms] [rows:-] SELECT DATABASE()

2023/11/12 15:34:01 /Users/johnsonsmile/Desktop/carservice-backend/infra/database/database.go:78
[2.211ms] [rows:1] SELECT SCHEMA_NAME from Information_schema.SCHEMATA where SCHEMA_NAME LIKE 'carservice%' ORDER BY SCHEMA_NAME='carservice' DESC,SCHEMA_NAME limit 1

2023/11/12 15:34:01 /Users/johnsonsmile/Desktop/carservice-backend/infra/database/database.go:78
[2.604ms] [rows:-] SELECT * FROM `t_user` LIMIT 1

2023/11/12 15:34:01 /Users/johnsonsmile/Desktop/carservice-backend/infra/database/database.go:78
[7.261ms] [rows:-] SELECT column_name, column_default, is_nullable = 'YES', data_type, character_maximum_length, column_type, column_key, extra, column_comment, numeric_precision, numeric_scale FROM information_schema.columns WHERE table_schema = 'carservice' AND table_name = 't_user' ORDER BY ORDINAL_POSITION

2023/11/12 15:34:01 /Users/johnsonsmile/Desktop/carservice-backend/infra/database/database.go:78
[0.663ms] [rows:-] SELECT DATABASE()

2023/11/12 15:34:01 /Users/johnsonsmile/Desktop/carservice-backend/infra/database/database.go:78
[2.227ms] [rows:1] SELECT SCHEMA_NAME from Information_schema.SCHEMATA where SCHEMA_NAME LIKE 'carservice%' ORDER BY SCHEMA_NAME='carservice' DESC,SCHEMA_NAME limit 1

2023/11/12 15:34:01 /Users/johnsonsmile/Desktop/carservice-backend/infra/database/database.go:78
[1.978ms] [rows:-] SELECT count(*) FROM information_schema.statistics WHERE table_schema = 'carservice' AND table_name = 't_user' AND index_name = 'idx_t_user_phone'

2023/11/12 15:34:42 /Users/johnsonsmile/Desktop/carservice-backend/infra/database/database.go:78
[0.481ms] [rows:-] SELECT DATABASE()

2023/11/12 15:34:42 /Users/johnsonsmile/Desktop/carservice-backend/infra/database/database.go:78
[17.113ms] [rows:1] SELECT SCHEMA_NAME from Information_schema.SCHEMATA where SCHEMA_NAME LIKE 'carservice%' ORDER BY SCHEMA_NAME='carservice' DESC,SCHEMA_NAME limit 1

2023/11/12 15:34:42 /Users/johnsonsmile/Desktop/carservice-backend/infra/database/database.go:78
[3.074ms] [rows:-] SELECT count(*) FROM information_schema.tables WHERE table_schema = 'carservice' AND table_name = 't_user' AND table_type = 'BASE TABLE'

2023/11/12 15:34:42 /Users/johnsonsmile/Desktop/carservice-backend/infra/database/database.go:78
[0.707ms] [rows:-] SELECT DATABASE()

2023/11/12 15:34:42 /Users/johnsonsmile/Desktop/carservice-backend/infra/database/database.go:78
[1.949ms] [rows:1] SELECT SCHEMA_NAME from Information_schema.SCHEMATA where SCHEMA_NAME LIKE 'carservice%' ORDER BY SCHEMA_NAME='carservice' DESC,SCHEMA_NAME limit 1

2023/11/12 15:34:42 /Users/johnsonsmile/Desktop/carservice-backend/infra/database/database.go:78
[1.960ms] [rows:-] SELECT * FROM `t_user` LIMIT 1

2023/11/12 15:34:42 /Users/johnsonsmile/Desktop/carservice-backend/infra/database/database.go:78
[4.878ms] [rows:-] SELECT column_name, column_default, is_nullable = 'YES', data_type, character_maximum_length, column_type, column_key, extra, column_comment, numeric_precision, numeric_scale FROM information_schema.columns WHERE table_schema = 'carservice' AND table_name = 't_user' ORDER BY ORDINAL_POSITION

2023/11/12 15:34:42 /Users/johnsonsmile/Desktop/carservice-backend/infra/database/database.go:78
[0.646ms] [rows:-] SELECT DATABASE()

2023/11/12 15:34:42 /Users/johnsonsmile/Desktop/carservice-backend/infra/database/database.go:78
[1.899ms] [rows:1] SELECT SCHEMA_NAME from Information_schema.SCHEMATA where SCHEMA_NAME LIKE 'carservice%' ORDER BY SCHEMA_NAME='carservice' DESC,SCHEMA_NAME limit 1

2023/11/12 15:34:42 /Users/johnsonsmile/Desktop/carservice-backend/infra/database/database.go:78
[1.667ms] [rows:-] SELECT count(*) FROM information_schema.statistics WHERE table_schema = 'carservice' AND table_name = 't_user' AND index_name = 'idx_t_user_phone'

2023/11/12 15:35:22 /Users/johnsonsmile/Desktop/carservice-backend/infra/database/database.go:78
[0.739ms] [rows:-] SELECT DATABASE()

2023/11/12 15:35:22 /Users/johnsonsmile/Desktop/carservice-backend/infra/database/database.go:78
[9.723ms] [rows:1] SELECT SCHEMA_NAME from Information_schema.SCHEMATA where SCHEMA_NAME LIKE 'carservice%' ORDER BY SCHEMA_NAME='carservice' DESC,SCHEMA_NAME limit 1

2023/11/12 15:35:22 /Users/johnsonsmile/Desktop/carservice-backend/infra/database/database.go:78
[3.787ms] [rows:-] SELECT count(*) FROM information_schema.tables WHERE table_schema = 'carservice' AND table_name = 't_user' AND table_type = 'BASE TABLE'

2023/11/12 15:35:22 /Users/johnsonsmile/Desktop/carservice-backend/infra/database/database.go:78
[0.874ms] [rows:-] SELECT DATABASE()

2023/11/12 15:35:22 /Users/johnsonsmile/Desktop/carservice-backend/infra/database/database.go:78
[2.129ms] [rows:1] SELECT SCHEMA_NAME from Information_schema.SCHEMATA where SCHEMA_NAME LIKE 'carservice%' ORDER BY SCHEMA_NAME='carservice' DESC,SCHEMA_NAME limit 1

2023/11/12 15:35:22 /Users/johnsonsmile/Desktop/carservice-backend/infra/database/database.go:78
[1.777ms] [rows:-] SELECT * FROM `t_user` LIMIT 1

2023/11/12 15:35:22 /Users/johnsonsmile/Desktop/carservice-backend/infra/database/database.go:78
[5.502ms] [rows:-] SELECT column_name, column_default, is_nullable = 'YES', data_type, character_maximum_length, column_type, column_key, extra, column_comment, numeric_precision, numeric_scale FROM information_schema.columns WHERE table_schema = 'carservice' AND table_name = 't_user' ORDER BY ORDINAL_POSITION

2023/11/12 15:35:22 /Users/johnsonsmile/Desktop/carservice-backend/infra/database/database.go:78
[0.628ms] [rows:-] SELECT DATABASE()

2023/11/12 15:35:22 /Users/johnsonsmile/Desktop/carservice-backend/infra/database/database.go:78
[2.205ms] [rows:1] SELECT SCHEMA_NAME from Information_schema.SCHEMATA where SCHEMA_NAME LIKE 'carservice%' ORDER BY SCHEMA_NAME='carservice' DESC,SCHEMA_NAME limit 1

2023/11/12 15:35:22 /Users/johnsonsmile/Desktop/carservice-backend/infra/database/database.go:78
[1.958ms] [rows:-] SELECT count(*) FROM information_schema.statistics WHERE table_schema = 'carservice' AND table_name = 't_user' AND index_name = 'idx_t_user_phone'
